[01m[K/home/spaaaaace/Ros2_mindvision/src/buff_detect/src/buff_detect.cpp:7:10:[m[K [01;31m[Kfatal error: [m[Ksensor_msgs/msg/image.hpp: æ²¡æœ‰é‚£ä¸ªæ–‡ä»¶æˆ–ç›®å½•
    7 | #include [01;31m[K<sensor_msgs/msg/image.hpp>[m[K
      |          [01;31m[K^~~~~~~~~~~~~~~~~~~~~~~~~~~[m[K
compilation terminated.
gmake[2]: *** [CMakeFiles/buff_detect.dir/build.make:76ï¼šCMakeFiles/buff_detect.dir/src/buff_detect.cpp.o] é”™è¯¯ 1
gmake[1]: *** [CMakeFiles/Makefile2:137ï¼šCMakeFiles/buff_detect.dir/all] é”™è¯¯ 2
gmake: *** [Makefile:146ï¼šall] é”™è¯¯ 2
