[0.008s] Invoking command in '/home/spaaaaace/Ros2_buff_detect/build/buff_detect': CMAKE_PREFIX_PATH=/opt/ros/humble /usr/local/bin/cmake --build /home/spaaaaace/Ros2_buff_detect/build/buff_detect -- -j22 -l22
[0.030s] [ 50%] [32mBuilding CXX object CMakeFiles/buff_detect.dir/src/buff_detect.cpp.o[0m
[1.633s] [01m[K/home/spaaaaace/Ros2_buff_detect/src/buff_detect/src/buff_detect.cpp:[m[K In constructor â€˜[01m[KImage::Image()[m[Kâ€™:
[1.634s] [01m[K/home/spaaaaace/Ros2_buff_detect/src/buff_detect/src/buff_detect.cpp:70:17:[m[K [01;31m[Kerror: [m[Kâ€˜[01m[Krclcpp_interfaces[m[Kâ€™ has not been declared
[1.634s]    70 |                 [01;31m[Krclcpp_interfaces[m[K::msg::ParameterDescriptor upper_blue_h;
[1.634s]       |                 [01;31m[K^~~~~~~~~~~~~~~~~[m[K
[1.640s] [01m[K/home/spaaaaace/Ros2_buff_detect/src/buff_detect/src/buff_detect.cpp:71:9:[m[K [01;31m[Kerror: [m[Kâ€˜[01m[Kupper_blue_h[m[Kâ€™ was not declared in this scope
[1.640s]    71 |         [01;31m[Kupper_blue_h[m[K.type = rclcpp_interfaces::msg::ParameterType::PARAMETER_INTEGER;
[1.640s]       |         [01;31m[K^~~~~~~~~~~~[m[K
[1.640s] [01m[K/home/spaaaaace/Ros2_buff_detect/src/buff_detect/src/buff_detect.cpp:71:29:[m[K [01;31m[Kerror: [m[Kâ€˜[01m[Krclcpp_interfaces[m[Kâ€™ has not been declared
[1.641s]    71 |         upper_blue_h.type = [01;31m[Krclcpp_interfaces[m[K::msg::ParameterType::PARAMETER_INTEGER;
[1.641s]       |                             [01;31m[K^~~~~~~~~~~~~~~~~[m[K
[1.641s] [01m[K/home/spaaaaace/Ros2_buff_detect/src/buff_detect/src/buff_detect.cpp:77:17:[m[K [01;31m[Kerror: [m[Kâ€˜[01m[Krclcpp_interfaces[m[Kâ€™ has not been declared
[1.641s]    77 |                 [01;31m[Krclcpp_interfaces[m[K::msg::ParameterDescriptor upper_blue_s;
[1.641s]       |                 [01;31m[K^~~~~~~~~~~~~~~~~[m[K
[1.647s] [01m[K/home/spaaaaace/Ros2_buff_detect/src/buff_detect/src/buff_detect.cpp:78:9:[m[K [01;31m[Kerror: [m[Kâ€˜[01m[Kupper_blue_s[m[Kâ€™ was not declared in this scope
[1.647s]    78 |         [01;31m[Kupper_blue_s[m[K.type = rclcpp_interfaces::msg::ParameterType::PARAMETER_INTEGER;
[1.647s]       |         [01;31m[K^~~~~~~~~~~~[m[K
[1.647s] [01m[K/home/spaaaaace/Ros2_buff_detect/src/buff_detect/src/buff_detect.cpp:78:29:[m[K [01;31m[Kerror: [m[Kâ€˜[01m[Krclcpp_interfaces[m[Kâ€™ has not been declared
[1.647s]    78 |         upper_blue_s.type = [01;31m[Krclcpp_interfaces[m[K::msg::ParameterType::PARAMETER_INTEGER;
[1.647s]       |                             [01;31m[K^~~~~~~~~~~~~~~~~[m[K
[1.647s] [01m[K/home/spaaaaace/Ros2_buff_detect/src/buff_detect/src/buff_detect.cpp:99:29:[m[K [01;31m[Kerror: [m[Kâ€˜[01m[Krcl_intPtrerfaces[m[Kâ€™ has not been declared
[1.647s]    99 |         lower_blue_s.type = [01;31m[Krcl_intPtrerfaces[m[K::msg::ParameterType::PARAMETER_INTEGER;
[1.648s]       |                             [01;31m[K^~~~~~~~~~~~~~~~~[m[K
[1.852s] [01m[K/home/spaaaaace/Ros2_buff_detect/src/buff_detect/src/buff_detect.cpp:[m[K In function â€˜[01m[Kint main(int, char**)[m[Kâ€™:
[1.853s] [01m[K/home/spaaaaace/Ros2_buff_detect/src/buff_detect/src/buff_detect.cpp:278:69:[m[K [01;35m[Kwarning: [m[Kcomparison of integer expressions of different signedness: â€˜[01m[Kint[m[Kâ€™ and â€˜[01m[Kstd::vector<std::vector<cv::Point_<int> > >::size_type[m[Kâ€™ {aka â€˜[01m[Klong unsigned int[m[Kâ€™} [[01;35m[K]8;;https://gcc.gnu.org/onlinedocs/gcc/Warning-Options.html#index-Wsign-compare-Wsign-compare]8;;[m[K]
[1.853s]   278 |                                         if (childid >= 0 && [01;35m[Kchildid < contours.size()[m[K) {
[1.853s]       |                                                             [01;35m[K~~~~~~~~^~~~~~~~~~~~~~~~~[m[K
[1.853s] [01m[K/home/spaaaaace/Ros2_buff_detect/src/buff_detect/src/buff_detect.cpp:294:50:[m[K [01;35m[Kwarning: [m[Kcomparison of integer expressions of different signedness: â€˜[01m[Kint[m[Kâ€™ and â€˜[01m[Kstd::vector<std::vector<cv::Point_<int> > >::size_type[m[Kâ€™ {aka â€˜[01m[Klong unsigned int[m[Kâ€™} [[01;35m[K]8;;https://gcc.gnu.org/onlinedocs/gcc/Warning-Options.html#index-Wsign-compare-Wsign-compare]8;;[m[K]
[1.853s]   294 |                         if ((minID >= 0 && [01;35m[KminID < contours.size()[m[K)) {
[1.853s]       |                                            [01;35m[K~~~~~~^~~~~~~~~~~~~~~~~[m[K
[1.853s] [01m[K/home/spaaaaace/Ros2_buff_detect/src/buff_detect/src/buff_detect.cpp:316:146:[m[K [01;35m[Kwarning: [m[Kcomparison of integer expressions of different signedness: â€˜[01m[Kint[m[Kâ€™ and â€˜[01m[Kstd::vector<std::vector<cv::Point_<int> > >::size_type[m[Kâ€™ {aka â€˜[01m[Klong unsigned int[m[Kâ€™} [[01;35m[K]8;;https://gcc.gnu.org/onlinedocs/gcc/Warning-Options.html#index-Wsign-compare-Wsign-compare]8;;[m[K]
[1.853s]   316 |                                         if (hierarchies_close[hierarchies_close[i][2]][0] != -1 && hierarchies_close[hierarchies_close[i][2]][0] < contours_close.size()) {
[1.854s] [01m[K/home/spaaaaace/Ros2_buff_detect/src/buff_detect/src/buff_detect.cpp:334:57:[m[K [01;35m[Kwarning: [m[Kcomparison of integer expressions of different signedness: â€˜[01m[Kint[m[Kâ€™ and â€˜[01m[Kstd::vector<std::vector<cv::Point_<int> > >::size_type[m[Kâ€™ {aka â€˜[01m[Klong unsigned int[m[Kâ€™} [[01;35m[K]8;;https://gcc.gnu.org/onlinedocs/gcc/Warning-Options.html#index-Wsign-compare-Wsign-compare]8;;[m[K]
[1.854s]   334 |                                 if (maxID >= 0 && [01;35m[KmaxID < contours_close.size()[m[K) {
[1.854s]       |                                                   [01;35m[K~~~~~~^~~~~~~~~~~~~~~~~~~~~~~[m[K
[3.181s] gmake[2]: *** [CMakeFiles/buff_detect.dir/build.make:76ï¼šCMakeFiles/buff_detect.dir/src/buff_detect.cpp.o] é”™è¯¯ 1
[3.181s] gmake[1]: *** [CMakeFiles/Makefile2:137ï¼šCMakeFiles/buff_detect.dir/all] é”™è¯¯ 2
[3.181s] gmake: *** [Makefile:146ï¼šall] é”™è¯¯ 2
[3.183s] Invoked command in '/home/spaaaaace/Ros2_buff_detect/build/buff_detect' returned '2': CMAKE_PREFIX_PATH=/opt/ros/humble /usr/local/bin/cmake --build /home/spaaaaace/Ros2_buff_detect/build/buff_detect -- -j22 -l22
