-- The C compiler identification is GNU 11.4.0
-- The CXX compiler identification is GNU 11.4.0
-- Detecting C compiler ABI info
-- Detecting C compiler ABI info - done
-- Check for working C compiler: /usr/bin/cc - skipped
-- Detecting C compile features
-- Detecting C compile features - done
-- Detecting CXX compiler ABI info
-- Detecting CXX compiler ABI info - done
-- Check for working CXX compiler: /usr/bin/c++ - skipped
-- Detecting CXX compile features
-- Detecting CXX compile features - done
-- Found ament_cmake: 1.3.10 (/opt/ros/humble/share/ament_cmake/cmake)
-- Found Python3: /usr/bin/python3 (found version "3.10.12") found components: Interpreter 
-- Found rclcpp: 16.0.10 (/opt/ros/humble/share/rclcpp/cmake)
-- Found rosidl_generator_c: 3.1.5 (/opt/ros/humble/share/rosidl_generator_c/cmake)
-- Found rosidl_adapter: 3.1.5 (/opt/ros/humble/share/rosidl_adapter/cmake)
-- Found rosidl_generator_cpp: 3.1.5 (/opt/ros/humble/share/rosidl_generator_cpp/cmake)
-- Using all available rosidl_typesupport_c: rosidl_typesupport_fastrtps_c;rosidl_typesupport_introspection_c
-- Using all available rosidl_typesupport_cpp: rosidl_typesupport_fastrtps_cpp;rosidl_typesupport_introspection_cpp
-- Found rmw_implementation_cmake: 6.1.2 (/opt/ros/humble/share/rmw_implementation_cmake/cmake)
-- Found rmw_fastrtps_cpp: 6.2.7 (/opt/ros/humble/share/rmw_fastrtps_cpp/cmake)
-- Found OpenSSL: /usr/lib/x86_64-linux-gnu/libcrypto.so (found version "3.0.2")  
-- Found FastRTPS: /opt/ros/humble/include  
-- Using RMW implementation 'rmw_fastrtps_cpp' as default
-- Performing Test CMAKE_HAVE_LIBC_PTHREAD
-- Performing Test CMAKE_HAVE_LIBC_PTHREAD - Success
-- Found Threads: TRUE  
-- Found OpenCV: /usr/local (found version "4.10.0") 
-- Found sensor_msgs: 4.2.4 (/opt/ros/humble/share/sensor_msgs/cmake)
-- Found cv_bridge: 3.2.1 (/opt/ros/humble/share/cv_bridge/cmake)
-- Found ament_lint_auto: 0.12.11 (/opt/ros/humble/share/ament_lint_auto/cmake)
-- Added test 'cppcheck' to perform static code analysis on C / C++ code
-- Configured cppcheck include dirs: 
-- Configured cppcheck exclude dirs and/or files: 
-- Added test 'flake8' to check Python code syntax and style conventions
-- Added test 'lint_cmake' to check CMake code style
-- Added test 'pep257' to check Python code against some of the docstring style conventions in PEP 257
-- Added test 'uncrustify' to check C / C++ code style
-- Configured uncrustify additional arguments: 
-- Added test 'xmllint' to check XML markup files
-- Configuring done (0.9s)
-- Generating done (0.0s)
-- Build files have been written to: /home/spaaaaace/Ros2_buff_detect/build/buff_detect
[ 50%] [32mBuilding CXX object CMakeFiles/buff_detect.dir/src/buff_detect.cpp.o[0m
[01m[K/home/spaaaaace/Ros2_buff_detect/src/buff_detect/src/buff_detect.cpp:[m[K In member function â€˜[01m[Kvoid ImagePublisher::PublishResultFrame(const cv::Mat&)[m[Kâ€™:
[01m[K/home/spaaaaace/Ros2_buff_detect/src/buff_detect/src/buff_detect.cpp:35:34:[m[K [01;31m[Kerror: [m[Kâ€˜[01m[Kcv_bridge::CvImagePtr[m[Kâ€™ {aka â€˜[01m[Kclass std::shared_ptr<cv_bridge::CvImage>[m[Kâ€™} has no member named â€˜[01m[Kimage[m[Kâ€™
   35 |                         cv_image.[01;31m[Kimage[m[K = bgr8_frame;
      |                                  [01;31m[K^~~~~[m[K
[01m[K/home/spaaaaace/Ros2_buff_detect/src/buff_detect/src/buff_detect.cpp:36:34:[m[K [01;31m[Kerror: [m[Kâ€˜[01m[Kcv_bridge::CvImagePtr[m[Kâ€™ {aka â€˜[01m[Kclass std::shared_ptr<cv_bridge::CvImage>[m[Kâ€™} has no member named â€˜[01m[Kencoding[m[Kâ€™
   36 |                         cv_image.[01;31m[Kencoding[m[K = "bgr8";
      |                                  [01;31m[K^~~~~~~~[m[K
[01m[K/home/spaaaaace/Ros2_buff_detect/src/buff_detect/src/buff_detect.cpp:37:34:[m[K [01;31m[Kerror: [m[Kâ€˜[01m[Kcv_bridge::CvImagePtr[m[Kâ€™ {aka â€˜[01m[Kclass std::shared_ptr<cv_bridge::CvImage>[m[Kâ€™} has no member named â€˜[01m[Kheader[m[Kâ€™
   37 |                         cv_image.[01;31m[Kheader[m[K.stamp = this->get_clock()->now();
      |                                  [01;31m[K^~~~~~[m[K
[01m[K/home/spaaaaace/Ros2_buff_detect/src/buff_detect/src/buff_detect.cpp:38:22:[m[K [01;31m[Kerror: [m[Kâ€˜[01m[Kcv_bridge::CvImagePtr[m[Kâ€™ {aka â€˜[01m[Kclass std::shared_ptr<cv_bridge::CvImage>[m[Kâ€™} has no member named â€˜[01m[Kheader[m[Kâ€™
   38 |             cv_image.[01;31m[Kheader[m[K.frame_id = "result_frame";
      |                      [01;31m[K^~~~~~[m[K
[01m[K/home/spaaaaace/Ros2_buff_detect/src/buff_detect/src/buff_detect.cpp:39:49:[m[K [01;31m[Kerror: [m[Kâ€˜[01m[Kcv_bridge::CvImagePtr[m[Kâ€™ {aka â€˜[01m[Kclass std::shared_ptr<cv_bridge::CvImage>[m[Kâ€™} has no member named â€˜[01m[KtoImageMsg[m[Kâ€™
   39 |                         auto img_msg = cv_image.[01;31m[KtoImageMsg[m[K();
      |                                                 [01;31m[K^~~~~~~~~~[m[K
[01m[K/home/spaaaaace/Ros2_buff_detect/src/buff_detect/src/buff_detect.cpp:[m[K In constructor â€˜[01m[KImage::Image()[m[Kâ€™:
[01m[K/home/spaaaaace/Ros2_buff_detect/src/buff_detect/src/buff_detect.cpp:97:29:[m[K [01;31m[Kerror: [m[Kâ€˜[01m[Krcl_intPtrerfaces[m[Kâ€™ has not been declared
   97 |         lower_blue_s.type = [01;31m[Krcl_intPtrerfaces[m[K::msg::ParameterType::PARAMETER_INTEGER;
      |                             [01;31m[K^~~~~~~~~~~~~~~~~[m[K
[01m[K/home/spaaaaace/Ros2_buff_detect/src/buff_detect/src/buff_detect.cpp:[m[K In function â€˜[01m[Kint main(int, char**)[m[Kâ€™:
[01m[K/home/spaaaaace/Ros2_buff_detect/src/buff_detect/src/buff_detect.cpp:276:69:[m[K [01;35m[Kwarning: [m[Kcomparison of integer expressions of different signedness: â€˜[01m[Kint[m[Kâ€™ and â€˜[01m[Kstd::vector<std::vector<cv::Point_<int> > >::size_type[m[Kâ€™ {aka â€˜[01m[Klong unsigned int[m[Kâ€™} [[01;35m[K]8;;https://gcc.gnu.org/onlinedocs/gcc/Warning-Options.html#index-Wsign-compare-Wsign-compare]8;;[m[K]
  276 |                                         if (childid >= 0 && [01;35m[Kchildid < contours.size()[m[K) {
      |                                                             [01;35m[K~~~~~~~~^~~~~~~~~~~~~~~~~[m[K
[01m[K/home/spaaaaace/Ros2_buff_detect/src/buff_detect/src/buff_detect.cpp:292:50:[m[K [01;35m[Kwarning: [m[Kcomparison of integer expressions of different signedness: â€˜[01m[Kint[m[Kâ€™ and â€˜[01m[Kstd::vector<std::vector<cv::Point_<int> > >::size_type[m[Kâ€™ {aka â€˜[01m[Klong unsigned int[m[Kâ€™} [[01;35m[K]8;;https://gcc.gnu.org/onlinedocs/gcc/Warning-Options.html#index-Wsign-compare-Wsign-compare]8;;[m[K]
  292 |                         if ((minID >= 0 && [01;35m[KminID < contours.size()[m[K)) {
      |                                            [01;35m[K~~~~~~^~~~~~~~~~~~~~~~~[m[K
[01m[K/home/spaaaaace/Ros2_buff_detect/src/buff_detect/src/buff_detect.cpp:314:146:[m[K [01;35m[Kwarning: [m[Kcomparison of integer expressions of different signedness: â€˜[01m[Kint[m[Kâ€™ and â€˜[01m[Kstd::vector<std::vector<cv::Point_<int> > >::size_type[m[Kâ€™ {aka â€˜[01m[Klong unsigned int[m[Kâ€™} [[01;35m[K]8;;https://gcc.gnu.org/onlinedocs/gcc/Warning-Options.html#index-Wsign-compare-Wsign-compare]8;;[m[K]
  314 |                                         if (hierarchies_close[hierarchies_close[i][2]][0] != -1 && hierarchies_close[hierarchies_close[i][2]][0] < contours_close.size()) {
[01m[K/home/spaaaaace/Ros2_buff_detect/src/buff_detect/src/buff_detect.cpp:332:57:[m[K [01;35m[Kwarning: [m[Kcomparison of integer expressions of different signedness: â€˜[01m[Kint[m[Kâ€™ and â€˜[01m[Kstd::vector<std::vector<cv::Point_<int> > >::size_type[m[Kâ€™ {aka â€˜[01m[Klong unsigned int[m[Kâ€™} [[01;35m[K]8;;https://gcc.gnu.org/onlinedocs/gcc/Warning-Options.html#index-Wsign-compare-Wsign-compare]8;;[m[K]
  332 |                                 if (maxID >= 0 && [01;35m[KmaxID < contours_close.size()[m[K) {
      |                                                   [01;35m[K~~~~~~^~~~~~~~~~~~~~~~~~~~~~~[m[K
gmake[2]: *** [CMakeFiles/buff_detect.dir/build.make:76ï¼šCMakeFiles/buff_detect.dir/src/buff_detect.cpp.o] é”™è¯¯ 1
gmake[1]: *** [CMakeFiles/Makefile2:137ï¼šCMakeFiles/buff_detect.dir/all] é”™è¯¯ 2
gmake: *** [Makefile:146ï¼šall] é”™è¯¯ 2
