[0.007s] Invoking command in '/home/spaaaaace/Ros2_buff_detect/build/buff_detect': CMAKE_PREFIX_PATH=${CMAKE_PREFIX_PATH}:/opt/ros/humble /usr/local/bin/cmake --build /home/spaaaaace/Ros2_buff_detect/build/buff_detect -- -j22 -l22
[0.035s] [ 50%] [32mBuilding CXX object CMakeFiles/buff_detect.dir/src/buff_detect.cpp.o[0m
[1.828s] [01m[K/home/spaaaaace/Ros2_buff_detect/src/buff_detect/src/buff_detect.cpp:[m[K In constructor â€˜[01m[KImage::Image()[m[Kâ€™:
[1.828s] [01m[K/home/spaaaaace/Ros2_buff_detect/src/buff_detect/src/buff_detect.cpp:30:104:[m[K [01;31m[Kerror: [m[Kâ€˜[01m[KImageSubscriber[m[Kâ€™ has not been declared
[1.828s]    30 | subscription<sensor_msgs::msg::Image>("image_raw", 10, std::bind(&[01;31m[KImageSubscriber[m[K::imageCallback, this, std::placeholders::_1));
[1.828s]       |                                                                   [01;31m[K^~~~~~~~~~~~~~~[m[K
[1.828s] 
[1.828s] [01m[K/home/spaaaaace/Ros2_buff_detect/src/buff_detect/src/buff_detect.cpp:33:83:[m[K [01;31m[Kerror: [m[Kexpected primary-expression before â€˜[01m[K)[m[Kâ€™ token
[1.828s]    33 | publisher_result_ = this->create_publisher(sensor_msgs::msg::Image[01;31m[K)[m[K("buff_decect_result", 10);
[1.828s]       |                                                                   [01;31m[K^[m[K
[1.828s] 
[2.060s] [01m[K/home/spaaaaace/Ros2_buff_detect/src/buff_detect/src/buff_detect.cpp:[m[K In member function â€˜[01m[Kvoid Image::PublicResultFrame(const cv::Mat&)[m[Kâ€™:
[2.060s] [01m[K/home/spaaaaace/Ros2_buff_detect/src/buff_detect/src/buff_detect.cpp:114:67:[m[K [01;31m[Kerror: [m[Kâ€˜[01m[Kusing SharedPtr = class std::shared_ptr<rclcpp::Clock>[m[Kâ€™ {aka â€˜[01m[Kclass std::shared_ptr<rclcpp::Clock>[m[Kâ€™} has no member named â€˜[01m[Know[m[Kâ€™
[2.060s]   114 |                         cv_image.header.stamp = this->get_clock().[01;31m[Know[m[K();
[2.060s]       |                                                                   [01;31m[K^~~[m[K
[2.062s] [01m[K/home/spaaaaace/Ros2_buff_detect/src/buff_detect/src/buff_detect.cpp:117:31:[m[K [01;31m[Kerror: [m[Kâ€˜[01m[Kusing SharedPtr = class std::shared_ptr<rclcpp::Publisher<sensor_msgs::msg::Image_<std::allocator<void> > > >[m[Kâ€™ {aka â€˜[01m[Kclass std::shared_ptr<rclcpp::Publisher<sensor_msgs::msg::Image_<std::allocator<void> > > >[m[Kâ€™} has no member named â€˜[01m[Kpublish[m[Kâ€™
[2.062s]   117 |             publisher_result_.[01;31m[Kpublish[m[K(img_msg);
[2.062s]       |                               [01;31m[K^~~~~~~[m[K
[2.077s] [01m[K/home/spaaaaace/Ros2_buff_detect/src/buff_detect/src/buff_detect.cpp:[m[K In function â€˜[01m[Kint main(int, char**)[m[Kâ€™:
[2.077s] [01m[K/home/spaaaaace/Ros2_buff_detect/src/buff_detect/src/buff_detect.cpp:249:43:[m[K [01;35m[Kwarning: [m[Kcomparison of integer expressions of different signedness: â€˜[01m[Kint[m[Kâ€™ and â€˜[01m[Kstd::vector<std::vector<cv::Point_<int> > >::size_type[m[Kâ€™ {aka â€˜[01m[Klong unsigned int[m[Kâ€™} [[01;35m[K]8;;https://gcc.gnu.org/onlinedocs/gcc/Warning-Options.html#index-Wsign-compare-Wsign-compare]8;;[m[K]
[2.077s]   249 |                         for (int i = 0; [01;35m[Ki < contours.size()[m[K; i++) {
[2.077s]       |                                         [01;35m[K~~^~~~~~~~~~~~~~~~~[m[K
[2.077s] [01m[K/home/spaaaaace/Ros2_buff_detect/src/buff_detect/src/buff_detect.cpp:262:69:[m[K [01;35m[Kwarning: [m[Kcomparison of integer expressions of different signedness: â€˜[01m[Kint[m[Kâ€™ and â€˜[01m[Kstd::vector<std::vector<cv::Point_<int> > >::size_type[m[Kâ€™ {aka â€˜[01m[Klong unsigned int[m[Kâ€™} [[01;35m[K]8;;https://gcc.gnu.org/onlinedocs/gcc/Warning-Options.html#index-Wsign-compare-Wsign-compare]8;;[m[K]
[2.077s]   262 |                                       if (childid >= 0 && [01;35m[Kchildid < contours.size()[m[K) {
[2.077s]       |                                                           [01;35m[K~~~~~~~~^~~~~~~~~~~~~~~~~[m[K
[2.077s] 
[2.077s] [01m[K/home/spaaaaace/Ros2_buff_detect/src/buff_detect/src/buff_detect.cpp:278:50:[m[K [01;35m[Kwarning: [m[Kcomparison of integer expressions of different signedness: â€˜[01m[Kint[m[Kâ€™ and â€˜[01m[Kstd::vector<std::vector<cv::Point_<int> > >::size_type[m[Kâ€™ {aka â€˜[01m[Klong unsigned int[m[Kâ€™} [[01;35m[K]8;;https://gcc.gnu.org/onlinedocs/gcc/Warning-Options.html#index-Wsign-compare-Wsign-compare]8;;[m[K]
[2.077s]   278 |                         if ((minID >= 0 && [01;35m[KminID < contours.size()[m[K)) {
[2.077s]       |                                            [01;35m[K~~~~~~^~~~~~~~~~~~~~~~~[m[K
[2.078s] [01m[K/home/spaaaaace/Ros2_buff_detect/src/buff_detect/src/buff_detect.cpp:288:43:[m[K [01;35m[Kwarning: [m[Kcomparison of integer expressions of different signedness: â€˜[01m[Kint[m[Kâ€™ and â€˜[01m[Kstd::vector<std::vector<cv::Point_<int> > >::size_type[m[Kâ€™ {aka â€˜[01m[Klong unsigned int[m[Kâ€™} [[01;35m[K]8;;https://gcc.gnu.org/onlinedocs/gcc/Warning-Options.html#index-Wsign-compare-Wsign-compare]8;;[m[K]
[2.078s]   288 |                         for (int i = 0; [01;35m[Ki < contours_close.size()[m[K; i++) {
[2.078s]       |                                         [01;35m[K~~^~~~~~~~~~~~~~~~~~~~~~~[m[K
[2.078s] [01m[K/home/spaaaaace/Ros2_buff_detect/src/buff_detect/src/buff_detect.cpp:300:146:[m[K [01;35m[Kwarning: [m[Kcomparison of integer expressions of different signedness: â€˜[01m[Kint[m[Kâ€™ and â€˜[01m[Kstd::vector<std::vector<cv::Point_<int> > >::size_type[m[Kâ€™ {aka â€˜[01m[Klong unsigned int[m[Kâ€™} [[01;35m[K]8;;https://gcc.gnu.org/onlinedocs/gcc/Warning-Options.html#index-Wsign-compare-Wsign-compare]8;;[m[K]
[2.078s]   300 | [i][2]][0] != -1 && hierarchies_close[hierarchies_close[i][2]][0] < contours_close.size()) {
[2.078s] 
[2.078s] [01m[K/home/spaaaaace/Ros2_buff_detect/src/buff_detect/src/buff_detect.cpp:318:57:[m[K [01;35m[Kwarning: [m[Kcomparison of integer expressions of different signedness: â€˜[01m[Kint[m[Kâ€™ and â€˜[01m[Kstd::vector<std::vector<cv::Point_<int> > >::size_type[m[Kâ€™ {aka â€˜[01m[Klong unsigned int[m[Kâ€™} [[01;35m[K]8;;https://gcc.gnu.org/onlinedocs/gcc/Warning-Options.html#index-Wsign-compare-Wsign-compare]8;;[m[K]
[2.078s]   318 |                                 if (maxID >= 0 && [01;35m[KmaxID < contours_close.size()[m[K) {
[2.078s]       |                                                   [01;35m[K~~~~~~^~~~~~~~~~~~~~~~~~~~~~~[m[K
[2.079s] [01m[K/home/spaaaaace/Ros2_buff_detect/src/buff_detect/src/buff_detect.cpp:354:31:[m[K [01;31m[Kerror: [m[Kâ€˜[01m[Kusing element_type = class Image[m[Kâ€™ {aka â€˜[01m[Kclass Image[m[Kâ€™} has no member named â€˜[01m[KPublishResultFrame[m[Kâ€™; did you mean â€˜[01m[KPublicResultFrame[m[Kâ€™?
[2.079s]   354 |                         node->[01;31m[KPublishResultFrame[m[K(image);
[2.079s]       |                               [01;31m[K^~~~~~~~~~~~~~~~~~[m[K
[2.079s]       |                               [32m[KPublicResultFrame[m[K
[2.079s] [01m[K/home/spaaaaace/Ros2_buff_detect/src/buff_detect/src/buff_detect.cpp:339:32:[m[K [01;35m[Kwarning: [m[Kunused variable â€˜[01m[Kradiu_buff[m[Kâ€™ [[01;35m[K]8;;https://gcc.gnu.org/onlinedocs/gcc/Warning-Options.html#index-Wunused-variable-Wunused-variable]8;;[m[K]
[2.079s]   339 |                         double [01;35m[Kradiu_buff[m[K = 0;
[2.079s]       |                                [01;35m[K^~~~~~~~~~[m[K
[2.653s] gmake[2]: *** [CMakeFiles/buff_detect.dir/build.make:76ï¼šCMakeFiles/buff_detect.dir/src/buff_detect.cpp.o] é”™è¯¯ 1
[2.653s] gmake[1]: *** [CMakeFiles/Makefile2:137ï¼šCMakeFiles/buff_detect.dir/all] é”™è¯¯ 2
[2.654s] gmake: *** [Makefile:146ï¼šall] é”™è¯¯ 2
[2.657s] Invoked command in '/home/spaaaaace/Ros2_buff_detect/build/buff_detect' returned '2': CMAKE_PREFIX_PATH=${CMAKE_PREFIX_PATH}:/opt/ros/humble /usr/local/bin/cmake --build /home/spaaaaace/Ros2_buff_detect/build/buff_detect -- -j22 -l22
